Arguments: 
  C:\Program Files\nodejs\node.exe C:\Users\PC\AppData\Roaming\npm\node_modules\yarn\bin\yarn.js deploy

PATH: 
  C:\Windows\system32;C:\Windows;C:\Windows\System32\Wbem;C:\Windows\System32\WindowsPowerShell\v1.0\;C:\Windows\System32\OpenSSH\;C:\Program Files\nodejs\;C:\Program Files\Git\cmd;C:\Users\PC\AppData\Local\Microsoft\WindowsApps;;C:\Users\PC\AppData\Local\Programs\Microsoft VS Code Insiders\bin;C:\Users\PC\AppData\Roaming\npm

Yarn version: 
  1.13.0

Node version: 
  10.15.1

Platform: 
  win32 x64

Trace: 
  SyntaxError: Z:\shadow-nucleus-ui\package.json: Unexpected token d in JSON at position 481
      at JSON.parse (<anonymous>)
      at C:\Users\PC\AppData\Roaming\npm\node_modules\yarn\lib\cli.js:1625:59
      at Generator.next (<anonymous>)
      at step (C:\Users\PC\AppData\Roaming\npm\node_modules\yarn\lib\cli.js:304:30)
      at C:\Users\PC\AppData\Roaming\npm\node_modules\yarn\lib\cli.js:315:13

npm manifest: 
  {
    "name": "shadow-nucleus-ui",
    "version": "1.0.0",
    "main": "index.js",
    "repository": "https://github.com/fskorzec/shadow-nucleus-ui.git",
    "author": "fskorzec <fskorzec@outlook.com>",
    "license": "MIT",
    "dependencies": {
      "shadow-nucleus": "z:/shadow-nucleus"
    },
    "scripts": {
      "nucleus:init": "yarn nc-setup",
      "nucleus:reset": "yarn remove shadow-nucleus && yarn add z:/shadow-nucleus && yarn nucleus:init",
      "deploy":"tsc -p ./scripts && node scripts\deploy.js"
    },
    "devDependencies": {
      "@types/node": "^11.9.5",
      "@types/react": "^16.8.4",
      "@types/react-dom": "^16.8.2"
    }
  }

yarn manifest: 
  No manifest

Lockfile: 
  # THIS IS AN AUTOGENERATED FILE. DO NOT EDIT THIS FILE DIRECTLY.
  # yarn lockfile v1
  
  
  "@types/node@^11.9.5":
    version "11.9.5"
    resolved "https://registry.yarnpkg.com/@types/node/-/node-11.9.5.tgz#011eece9d3f839a806b63973e228f85967b79ed3"
    integrity sha512-vVjM0SVzgaOUpflq4GYBvCpozes8OgIIS5gVXVka+OfK3hvnkC1i93U8WiY2OtNE4XUWyyy/86Kf6e0IHTQw1Q==
  
  "@types/prop-types@*":
    version "15.5.9"
    resolved "https://registry.yarnpkg.com/@types/prop-types/-/prop-types-15.5.9.tgz#f2d14df87b0739041bc53a7d75e3d77d726a3ec0"
    integrity sha512-Nha5b+jmBI271jdTMwrHiNXM+DvThjHOfyZtMX9kj/c/LUj2xiLHsG/1L3tJ8DjAoQN48cHwUwtqBotjyXaSdQ==
  
  "@types/react-dom@^16.8.2":
    version "16.8.2"
    resolved "https://registry.yarnpkg.com/@types/react-dom/-/react-dom-16.8.2.tgz#9bd7d33f908b243ff0692846ef36c81d4941ad12"
    integrity sha512-MX7n1wq3G/De15RGAAqnmidzhr2Y9O/ClxPxyqaNg96pGyeXUYPSvujgzEVpLo9oIP4Wn1UETl+rxTN02KEpBw==
    dependencies:
      "@types/react" "*"
  
  "@types/react@*", "@types/react@^16.8.4":
    version "16.8.4"
    resolved "https://registry.yarnpkg.com/@types/react/-/react-16.8.4.tgz#134307f5266e866d5e7c25e47f31f9abd5b2ea34"
    integrity sha512-Mpz1NNMJvrjf0GcDqiK8+YeOydXfD8Mgag3UtqQ5lXYTsMnOiHcKmO48LiSWMb1rSHB9MV/jlgyNzeAVxWMZRQ==
    dependencies:
      "@types/prop-types" "*"
      csstype "^2.2.0"
  
  csstype@^2.2.0:
    version "2.6.2"
    resolved "https://registry.yarnpkg.com/csstype/-/csstype-2.6.2.tgz#3043d5e065454579afc7478a18de41909c8a2f01"
    integrity sha512-Rl7PvTae0pflc1YtxtKbiSqq20Ts6vpIYOD5WBafl4y123DyHUeLrRdQP66sQW8/6gmX8jrYJLXwNeMqYVJcow==
  
  "shadow-nucleus@z:/shadow-nucleus":
    version "1.0.0"
